[2017-07-05 00:22:14] local.ERROR: exception 'RuntimeException' with message 'The only supported ciphers are AES-128-CBC and AES-256-CBC with the correct key lengths.' in C:\WMS\vendor\laravel\framework\src\Illuminate\Encryption\Encrypter.php:43
Stack trace:
#0 C:\WMS\vendor\laravel\framework\src\Illuminate\Encryption\EncryptionServiceProvider.php(27): Illuminate\Encryption\Encrypter->__construct('', 'AES-256-CBC')
#1 C:\WMS\vendor\laravel\framework\src\Illuminate\Container\Container.php(726): Illuminate\Encryption\EncryptionServiceProvider->Illuminate\Encryption\{closure}(Object(Illuminate\Foundation\Application), Array)
#2 C:\WMS\vendor\laravel\framework\src\Illuminate\Container\Container.php(608): Illuminate\Container\Container->build(Object(Closure))
#3 C:\WMS\vendor\laravel\framework\src\Illuminate\Container\Container.php(575): Illuminate\Container\Container->resolve('encrypter')
#4 C:\WMS\vendor\laravel\framework\src\Illuminate\Foundation\Application.php(728): Illuminate\Container\Container->make('encrypter')
#5 C:\WMS\vendor\laravel\framework\src\Illuminate\Container\Container.php(862): Illuminate\Foundation\Application->make('Illuminate\\Cont...')
#6 C:\WMS\vendor\laravel\framework\src\Illuminate\Container\Container.php(790): Illuminate\Container\Container->resolveClass(Object(ReflectionParameter))
#7 C:\WMS\vendor\laravel\framework\src\Illuminate\Container\Container.php(758): Illuminate\Container\Container->resolveDependencies(Array)
#8 C:\WMS\vendor\laravel\framework\src\Illuminate\Container\Container.php(608): Illuminate\Container\Container->build('App\\Http\\Middle...')
#9 C:\WMS\vendor\laravel\framework\src\Illuminate\Container\Container.php(575): Illuminate\Container\Container->resolve('App\\Http\\Middle...')
#10 C:\WMS\vendor\laravel\framework\src\Illuminate\Foundation\Application.php(728): Illuminate\Container\Container->make('App\\Http\\Middle...')
#11 C:\WMS\vendor\laravel\framework\src\Illuminate\Pipeline\Pipeline.php(138): Illuminate\Foundation\Application->make('App\\Http\\Middle...')
#12 C:\WMS\vendor\laravel\framework\src\Illuminate\Routing\Pipeline.php(53): Illuminate\Pipeline\Pipeline->Illuminate\Pipeline\{closure}(Object(Illuminate\Http\Request))
#13 C:\WMS\vendor\laravel\framework\src\Illuminate\Pipeline\Pipeline.php(102): Illuminate\Routing\Pipeline->Illuminate\Routing\{closure}(Object(Illuminate\Http\Request))
#14 C:\WMS\vendor\laravel\framework\src\Illuminate\Routing\Router.php(576): Illuminate\Pipeline\Pipeline->then(Object(Closure))
#15 C:\WMS\vendor\laravel\framework\src\Illuminate\Routing\Router.php(535): Illuminate\Routing\Router->runRouteWithinStack(Object(Illuminate\Routing\Route), Object(Illuminate\Http\Request))
#16 C:\WMS\vendor\laravel\framework\src\Illuminate\Routing\Router.php(513): Illuminate\Routing\Router->dispatchToRoute(Object(Illuminate\Http\Request))
#17 C:\WMS\vendor\laravel\framework\src\Illuminate\Foundation\Http\Kernel.php(174): Illuminate\Routing\Router->dispatch(Object(Illuminate\Http\Request))
#18 C:\WMS\vendor\laravel\framework\src\Illuminate\Routing\Pipeline.php(30): Illuminate\Foundation\Http\Kernel->Illuminate\Foundation\Http\{closure}(Object(Illuminate\Http\Request))
#19 C:\WMS\vendor\laravel\framework\src\Illuminate\Foundation\Http\Middleware\TransformsRequest.php(30): Illuminate\Routing\Pipeline->Illuminate\Routing\{closure}(Object(Illuminate\Http\Request))
#20 C:\WMS\vendor\laravel\framework\src\Illuminate\Pipeline\Pipeline.php(148): Illuminate\Foundation\Http\Middleware\TransformsRequest->handle(Object(Illuminate\Http\Request), Object(Closure))
#21 C:\WMS\vendor\laravel\framework\src\Illuminate\Routing\Pipeline.php(53): Illuminate\Pipeline\Pipeline->Illuminate\Pipeline\{closure}(Object(Illuminate\Http\Request))
#22 C:\WMS\vendor\laravel\framework\src\Illuminate\Foundation\Http\Middleware\TransformsRequest.php(30): Illuminate\Routing\Pipeline->Illuminate\Routing\{closure}(Object(Illuminate\Http\Request))
#23 C:\WMS\vendor\laravel\framework\src\Illuminate\Pipeline\Pipeline.php(148): Illuminate\Foundation\Http\Middleware\TransformsRequest->handle(Object(Illuminate\Http\Request), Object(Closure))
#24 C:\WMS\vendor\laravel\framework\src\Illuminate\Routing\Pipeline.php(53): Illuminate\Pipeline\Pipeline->Illuminate\Pipeline\{closure}(Object(Illuminate\Http\Request))
#25 C:\WMS\vendor\laravel\framework\src\Illuminate\Foundation\Http\Middleware\ValidatePostSize.php(27): Illuminate\Routing\Pipeline->Illuminate\Routing\{closure}(Object(Illuminate\Http\Request))
#26 C:\WMS\vendor\laravel\framework\src\Illuminate\Pipeline\Pipeline.php(148): Illuminate\Foundation\Http\Middleware\ValidatePostSize->handle(Object(Illuminate\Http\Request), Object(Closure))
#27 C:\WMS\vendor\laravel\framework\src\Illuminate\Routing\Pipeline.php(53): Illuminate\Pipeline\Pipeline->Illuminate\Pipeline\{closure}(Object(Illuminate\Http\Request))
#28 C:\WMS\vendor\laravel\framework\src\Illuminate\Foundation\Http\Middleware\CheckForMaintenanceMode.php(46): Illuminate\Routing\Pipeline->Illuminate\Routing\{closure}(Object(Illuminate\Http\Request))
#29 C:\WMS\vendor\laravel\framework\src\Illuminate\Pipeline\Pipeline.php(148): Illuminate\Foundation\Http\Middleware\CheckForMaintenanceMode->handle(Object(Illuminate\Http\Request), Object(Closure))
#30 C:\WMS\vendor\laravel\framework\src\Illuminate\Routing\Pipeline.php(53): Illuminate\Pipeline\Pipeline->Illuminate\Pipeline\{closure}(Object(Illuminate\Http\Request))
#31 C:\WMS\vendor\laravel\framework\src\Illuminate\Pipeline\Pipeline.php(102): Illuminate\Routing\Pipeline->Illuminate\Routing\{closure}(Object(Illuminate\Http\Request))
#32 C:\WMS\vendor\laravel\framework\src\Illuminate\Foundation\Http\Kernel.php(149): Illuminate\Pipeline\Pipeline->then(Object(Closure))
#33 C:\WMS\vendor\laravel\framework\src\Illuminate\Foundation\Http\Kernel.php(116): Illuminate\Foundation\Http\Kernel->sendRequestThroughRouter(Object(Illuminate\Http\Request))
#34 C:\WMS\public\index.php(54): Illuminate\Foundation\Http\Kernel->handle(Object(Illuminate\Http\Request))
#35 C:\WMS\server.php(21): require_once('C:\\WMS\\public\\i...')
#36 {main}  
[2017-07-05 00:22:14] local.ERROR: exception 'RuntimeException' with message 'The only supported ciphers are AES-128-CBC and AES-256-CBC with the correct key lengths.' in C:\WMS\vendor\laravel\framework\src\Illuminate\Encryption\Encrypter.php:43
Stack trace:
#0 C:\WMS\vendor\laravel\framework\src\Illuminate\Encryption\EncryptionServiceProvider.php(27): Illuminate\Encryption\Encrypter->__construct('', 'AES-256-CBC')
#1 C:\WMS\vendor\laravel\framework\src\Illuminate\Container\Container.php(726): Illuminate\Encryption\EncryptionServiceProvider->Illuminate\Encryption\{closure}(Object(Illuminate\Foundation\Application), Array)
#2 C:\WMS\vendor\laravel\framework\src\Illuminate\Container\Container.php(608): Illuminate\Container\Container->build(Object(Closure))
#3 C:\WMS\vendor\laravel\framework\src\Illuminate\Container\Container.php(575): Illuminate\Container\Container->resolve('encrypter')
#4 C:\WMS\vendor\laravel\framework\src\Illuminate\Foundation\Application.php(728): Illuminate\Container\Container->make('encrypter')
#5 C:\WMS\vendor\laravel\framework\src\Illuminate\Container\Container.php(862): Illuminate\Foundation\Application->make('Illuminate\\Cont...')
#6 C:\WMS\vendor\laravel\framework\src\Illuminate\Container\Container.php(790): Illuminate\Container\Container->resolveClass(Object(ReflectionParameter))
#7 C:\WMS\vendor\laravel\framework\src\Illuminate\Container\Container.php(758): Illuminate\Container\Container->resolveDependencies(Array)
#8 C:\WMS\vendor\laravel\framework\src\Illuminate\Container\Container.php(608): Illuminate\Container\Container->build('App\\Http\\Middle...')
#9 C:\WMS\vendor\laravel\framework\src\Illuminate\Container\Container.php(575): Illuminate\Container\Container->resolve('App\\Http\\Middle...')
#10 C:\WMS\vendor\laravel\framework\src\Illuminate\Foundation\Application.php(728): Illuminate\Container\Container->make('App\\Http\\Middle...')
#11 C:\WMS\vendor\laravel\framework\src\Illuminate\Foundation\Http\Kernel.php(213): Illuminate\Foundation\Application->make('App\\Http\\Middle...')
#12 C:\WMS\vendor\laravel\framework\src\Illuminate\Foundation\Http\Kernel.php(187): Illuminate\Foundation\Http\Kernel->terminateMiddleware(Object(Illuminate\Http\Request), Object(Illuminate\Http\Response))
#13 C:\WMS\public\index.php(58): Illuminate\Foundation\Http\Kernel->terminate(Object(Illuminate\Http\Request), Object(Illuminate\Http\Response))
#14 C:\WMS\server.php(21): require_once('C:\\WMS\\public\\i...')
#15 {main}  
[2017-07-05 00:24:19] local.ERROR: exception 'RuntimeException' with message 'The only supported ciphers are AES-128-CBC and AES-256-CBC with the correct key lengths.' in C:\WMS\vendor\laravel\framework\src\Illuminate\Encryption\Encrypter.php:43
Stack trace:
#0 C:\WMS\vendor\laravel\framework\src\Illuminate\Encryption\EncryptionServiceProvider.php(27): Illuminate\Encryption\Encrypter->__construct('', 'AES-256-CBC')
#1 C:\WMS\vendor\laravel\framework\src\Illuminate\Container\Container.php(726): Illuminate\Encryption\EncryptionServiceProvider->Illuminate\Encryption\{closure}(Object(Illuminate\Foundation\Application), Array)
#2 C:\WMS\vendor\laravel\framework\src\Illuminate\Container\Container.php(608): Illuminate\Container\Container->build(Object(Closure))
#3 C:\WMS\vendor\laravel\framework\src\Illuminate\Container\Container.php(575): Illuminate\Container\Container->resolve('encrypter')
#4 C:\WMS\vendor\laravel\framework\src\Illuminate\Foundation\Application.php(728): Illuminate\Container\Container->make('encrypter')
#5 C:\WMS\vendor\laravel\framework\src\Illuminate\Container\Container.php(862): Illuminate\Foundation\Application->make('Illuminate\\Cont...')
#6 C:\WMS\vendor\laravel\framework\src\Illuminate\Container\Container.php(790): Illuminate\Container\Container->resolveClass(Object(ReflectionParameter))
#7 C:\WMS\vendor\laravel\framework\src\Illuminate\Container\Container.php(758): Illuminate\Container\Container->resolveDependencies(Array)
#8 C:\WMS\vendor\laravel\framework\src\Illuminate\Container\Container.php(608): Illuminate\Container\Container->build('App\\Http\\Middle...')
#9 C:\WMS\vendor\laravel\framework\src\Illuminate\Container\Container.php(575): Illuminate\Container\Container->resolve('App\\Http\\Middle...')
#10 C:\WMS\vendor\laravel\framework\src\Illuminate\Foundation\Application.php(728): Illuminate\Container\Container->make('App\\Http\\Middle...')
#11 C:\WMS\vendor\laravel\framework\src\Illuminate\Pipeline\Pipeline.php(138): Illuminate\Foundation\Application->make('App\\Http\\Middle...')
#12 C:\WMS\vendor\laravel\framework\src\Illuminate\Routing\Pipeline.php(53): Illuminate\Pipeline\Pipeline->Illuminate\Pipeline\{closure}(Object(Illuminate\Http\Request))
#13 C:\WMS\vendor\laravel\framework\src\Illuminate\Pipeline\Pipeline.php(102): Illuminate\Routing\Pipeline->Illuminate\Routing\{closure}(Object(Illuminate\Http\Request))
#14 C:\WMS\vendor\laravel\framework\src\Illuminate\Routing\Router.php(576): Illuminate\Pipeline\Pipeline->then(Object(Closure))
#15 C:\WMS\vendor\laravel\framework\src\Illuminate\Routing\Router.php(535): Illuminate\Routing\Router->runRouteWithinStack(Object(Illuminate\Routing\Route), Object(Illuminate\Http\Request))
#16 C:\WMS\vendor\laravel\framework\src\Illuminate\Routing\Router.php(513): Illuminate\Routing\Router->dispatchToRoute(Object(Illuminate\Http\Request))
#17 C:\WMS\vendor\laravel\framework\src\Illuminate\Foundation\Http\Kernel.php(174): Illuminate\Routing\Router->dispatch(Object(Illuminate\Http\Request))
#18 C:\WMS\vendor\laravel\framework\src\Illuminate\Routing\Pipeline.php(30): Illuminate\Foundation\Http\Kernel->Illuminate\Foundation\Http\{closure}(Object(Illuminate\Http\Request))
#19 C:\WMS\vendor\laravel\framework\src\Illuminate\Foundation\Http\Middleware\TransformsRequest.php(30): Illuminate\Routing\Pipeline->Illuminate\Routing\{closure}(Object(Illuminate\Http\Request))
#20 C:\WMS\vendor\laravel\framework\src\Illuminate\Pipeline\Pipeline.php(148): Illuminate\Foundation\Http\Middleware\TransformsRequest->handle(Object(Illuminate\Http\Request), Object(Closure))
#21 C:\WMS\vendor\laravel\framework\src\Illuminate\Routing\Pipeline.php(53): Illuminate\Pipeline\Pipeline->Illuminate\Pipeline\{closure}(Object(Illuminate\Http\Request))
#22 C:\WMS\vendor\laravel\framework\src\Illuminate\Foundation\Http\Middleware\TransformsRequest.php(30): Illuminate\Routing\Pipeline->Illuminate\Routing\{closure}(Object(Illuminate\Http\Request))
#23 C:\WMS\vendor\laravel\framework\src\Illuminate\Pipeline\Pipeline.php(148): Illuminate\Foundation\Http\Middleware\TransformsRequest->handle(Object(Illuminate\Http\Request), Object(Closure))
#24 C:\WMS\vendor\laravel\framework\src\Illuminate\Routing\Pipeline.php(53): Illuminate\Pipeline\Pipeline->Illuminate\Pipeline\{closure}(Object(Illuminate\Http\Request))
#25 C:\WMS\vendor\laravel\framework\src\Illuminate\Foundation\Http\Middleware\ValidatePostSize.php(27): Illuminate\Routing\Pipeline->Illuminate\Routing\{closure}(Object(Illuminate\Http\Request))
#26 C:\WMS\vendor\laravel\framework\src\Illuminate\Pipeline\Pipeline.php(148): Illuminate\Foundation\Http\Middleware\ValidatePostSize->handle(Object(Illuminate\Http\Request), Object(Closure))
#27 C:\WMS\vendor\laravel\framework\src\Illuminate\Routing\Pipeline.php(53): Illuminate\Pipeline\Pipeline->Illuminate\Pipeline\{closure}(Object(Illuminate\Http\Request))
#28 C:\WMS\vendor\laravel\framework\src\Illuminate\Foundation\Http\Middleware\CheckForMaintenanceMode.php(46): Illuminate\Routing\Pipeline->Illuminate\Routing\{closure}(Object(Illuminate\Http\Request))
#29 C:\WMS\vendor\laravel\framework\src\Illuminate\Pipeline\Pipeline.php(148): Illuminate\Foundation\Http\Middleware\CheckForMaintenanceMode->handle(Object(Illuminate\Http\Request), Object(Closure))
#30 C:\WMS\vendor\laravel\framework\src\Illuminate\Routing\Pipeline.php(53): Illuminate\Pipeline\Pipeline->Illuminate\Pipeline\{closure}(Object(Illuminate\Http\Request))
#31 C:\WMS\vendor\laravel\framework\src\Illuminate\Pipeline\Pipeline.php(102): Illuminate\Routing\Pipeline->Illuminate\Routing\{closure}(Object(Illuminate\Http\Request))
#32 C:\WMS\vendor\laravel\framework\src\Illuminate\Foundation\Http\Kernel.php(149): Illuminate\Pipeline\Pipeline->then(Object(Closure))
#33 C:\WMS\vendor\laravel\framework\src\Illuminate\Foundation\Http\Kernel.php(116): Illuminate\Foundation\Http\Kernel->sendRequestThroughRouter(Object(Illuminate\Http\Request))
#34 C:\WMS\public\index.php(54): Illuminate\Foundation\Http\Kernel->handle(Object(Illuminate\Http\Request))
#35 C:\WMS\server.php(21): require_once('C:\\WMS\\public\\i...')
#36 {main}  
[2017-07-05 00:24:19] local.ERROR: exception 'RuntimeException' with message 'The only supported ciphers are AES-128-CBC and AES-256-CBC with the correct key lengths.' in C:\WMS\vendor\laravel\framework\src\Illuminate\Encryption\Encrypter.php:43
Stack trace:
#0 C:\WMS\vendor\laravel\framework\src\Illuminate\Encryption\EncryptionServiceProvider.php(27): Illuminate\Encryption\Encrypter->__construct('', 'AES-256-CBC')
#1 C:\WMS\vendor\laravel\framework\src\Illuminate\Container\Container.php(726): Illuminate\Encryption\EncryptionServiceProvider->Illuminate\Encryption\{closure}(Object(Illuminate\Foundation\Application), Array)
#2 C:\WMS\vendor\laravel\framework\src\Illuminate\Container\Container.php(608): Illuminate\Container\Container->build(Object(Closure))
#3 C:\WMS\vendor\laravel\framework\src\Illuminate\Container\Container.php(575): Illuminate\Container\Container->resolve('encrypter')
#4 C:\WMS\vendor\laravel\framework\src\Illuminate\Foundation\Application.php(728): Illuminate\Container\Container->make('encrypter')
#5 C:\WMS\vendor\laravel\framework\src\Illuminate\Container\Container.php(862): Illuminate\Foundation\Application->make('Illuminate\\Cont...')
#6 C:\WMS\vendor\laravel\framework\src\Illuminate\Container\Container.php(790): Illuminate\Container\Container->resolveClass(Object(ReflectionParameter))
#7 C:\WMS\vendor\laravel\framework\src\Illuminate\Container\Container.php(758): Illuminate\Container\Container->resolveDependencies(Array)
#8 C:\WMS\vendor\laravel\framework\src\Illuminate\Container\Container.php(608): Illuminate\Container\Container->build('App\\Http\\Middle...')
#9 C:\WMS\vendor\laravel\framework\src\Illuminate\Container\Container.php(575): Illuminate\Container\Container->resolve('App\\Http\\Middle...')
#10 C:\WMS\vendor\laravel\framework\src\Illuminate\Foundation\Application.php(728): Illuminate\Container\Container->make('App\\Http\\Middle...')
#11 C:\WMS\vendor\laravel\framework\src\Illuminate\Foundation\Http\Kernel.php(213): Illuminate\Foundation\Application->make('App\\Http\\Middle...')
#12 C:\WMS\vendor\laravel\framework\src\Illuminate\Foundation\Http\Kernel.php(187): Illuminate\Foundation\Http\Kernel->terminateMiddleware(Object(Illuminate\Http\Request), Object(Illuminate\Http\Response))
#13 C:\WMS\public\index.php(58): Illuminate\Foundation\Http\Kernel->terminate(Object(Illuminate\Http\Request), Object(Illuminate\Http\Response))
#14 C:\WMS\server.php(21): require_once('C:\\WMS\\public\\i...')
#15 {main}  
